2019-08-17 11:46:42 DEBUG ErrorCounter:95 - throwQueryException() : no errors
2019-08-17 11:46:42 DEBUG QueryTranslatorImpl:246 - HQL: SELECT f FROM br.com.consultemed.models.Funcionario f
2019-08-17 11:46:42 DEBUG QueryTranslatorImpl:247 - SQL: select funcionari0_.id as id1_3_, funcionari0_.CPF as CPF2_3_, funcionari0_.EMAIL as EMAIL3_3_, funcionari0_.NOME as NOME4_3_, funcionari0_.TELEFONE as TELEFONE5_3_ from TB_FUNCIONARIOS funcionari0_
2019-08-17 11:46:42 DEBUG ErrorCounter:95 - throwQueryException() : no errors
2019-08-17 11:46:42 DEBUG NamedQueryRepository:155 - Checking named query: Consulta.findAll
2019-08-17 11:46:42 DEBUG QueryTranslatorImpl:277 - parse() - HQL: SELECT c FROM br.com.consultemed.models.Consulta c
2019-08-17 11:46:42 DEBUG QueryTranslatorImpl:295 - --- HQL AST ---
 \-[QUERY] Node: 'query'
    \-[SELECT_FROM] Node: 'SELECT_FROM'
       +-[FROM] Node: 'FROM'
       |  \-[RANGE] Node: 'RANGE'
       |     +-[DOT] Node: '.'
       |     |  +-[DOT] Node: '.'
       |     |  |  +-[DOT] Node: '.'
       |     |  |  |  +-[DOT] Node: '.'
       |     |  |  |  |  +-[IDENT] Node: 'br'
       |     |  |  |  |  \-[IDENT] Node: 'com'
       |     |  |  |  \-[IDENT] Node: 'consultemed'
       |     |  |  \-[IDENT] Node: 'models'
       |     |  \-[IDENT] Node: 'Consulta'
       |     \-[ALIAS] Node: 'c'
       \-[SELECT] Node: 'SELECT'
          \-[IDENT] Node: 'c'

2019-08-17 11:46:42 DEBUG ErrorCounter:95 - throwQueryException() : no errors
2019-08-17 11:46:42 DEBUG HqlSqlBaseWalker:124 - select << begin [level=1, statement=select]
2019-08-17 11:46:42 DEBUG FromElement:147 - FromClause{level=1} : br.com.consultemed.models.Consulta (c) -> consulta0_
2019-08-17 11:46:42 DEBUG FromReferenceNode:60 - Resolved : c -> consulta0_.id
2019-08-17 11:46:42 DEBUG HqlSqlBaseWalker:128 - select : finishing up [level=1, statement=select]
2019-08-17 11:46:42 DEBUG HqlSqlWalker:745 - processQuery() :  ( SELECT ( {select clause} consulta0_.id ) ( FromClause{level=1} TB_CONSULTAS consulta0_ ) )
2019-08-17 11:46:42 DEBUG JoinProcessor:187 - Using FROM fragment [TB_CONSULTAS consulta0_]
2019-08-17 11:46:42 DEBUG HqlSqlBaseWalker:132 - select >> end [level=1, statement=select]
2019-08-17 11:46:42 DEBUG QueryTranslatorImpl:264 - --- SQL AST ---
 \-[SELECT] QueryNode: 'SELECT'  querySpaces (TB_CONSULTAS)
    +-[SELECT_CLAUSE] SelectClause: '{select clause}'
    |  +-[ALIAS_REF] IdentNode: 'consulta0_.id as id1_1_' {alias=c, className=br.com.consultemed.models.Consulta, tableAlias=consulta0_}
    |  \-[SQL_TOKEN] SqlFragment: 'consulta0_.id_funcionario as id_funci2_1_, consulta0_.id_medico as id_medic3_1_, consulta0_.id_paciente as id_pacie4_1_'
    \-[FROM] FromClause: 'FROM' FromClause{level=1, fromElementCounter=1, fromElements=1, fromElementByClassAlias=[c], fromElementByTableAlias=[consulta0_], fromElementsByPath=[], collectionJoinFromElementsByPath=[], impliedElements=[]}
       \-[FROM_FRAGMENT] FromElement: 'TB_CONSULTAS consulta0_' FromElement{explicit,not a collection join,not a fetch join,fetch non-lazy properties,classAlias=c,role=null,tableName=TB_CONSULTAS,tableAlias=consulta0_,origin=null,columns={,className=br.com.consultemed.models.Consulta}}

2019-08-17 11:46:42 DEBUG ErrorCounter:95 - throwQueryException() : no errors
2019-08-17 11:46:42 DEBUG QueryTranslatorImpl:246 - HQL: SELECT c FROM br.com.consultemed.models.Consulta c
2019-08-17 11:46:42 DEBUG QueryTranslatorImpl:247 - SQL: select consulta0_.id as id1_1_, consulta0_.id_funcionario as id_funci2_1_, consulta0_.id_medico as id_medic3_1_, consulta0_.id_paciente as id_pacie4_1_ from TB_CONSULTAS consulta0_
2019-08-17 11:46:42 DEBUG ErrorCounter:95 - throwQueryException() : no errors
2019-08-17 11:46:42 DEBUG NamedQueryRepository:167 - Checking 0 named SQL queries
2019-08-17 11:46:42 DEBUG SessionFactoryRegistry:52 - Initializing SessionFactoryRegistry : org.hibernate.internal.SessionFactoryRegistry@78582002
2019-08-17 11:46:42 DEBUG SessionFactoryRegistry:74 - Registering SessionFactory: 1ffa45a3-ba6e-4eb5-b7eb-1a875d8867b0 (<unnamed>)
2019-08-17 11:46:42 DEBUG SessionFactoryRegistry:81 - Not binding SessionFactory to JNDI, no JNDI name configured
2019-08-17 11:46:43 DEBUG StatisticsInitiator:82 - Statistics initialized [enabled=false]
2019-08-17 11:46:49 DEBUG SQL:92 - select usuario0_.id as id1_6_, usuario0_.LOGIN as LOGIN2_6_, usuario0_.SENHA as SENHA3_6_ from TB_USUARIOS usuario0_ where usuario0_.LOGIN=? and usuario0_.SENHA=?
2019-08-17 11:46:49 DEBUG LogicalConnectionManagedImpl:154 - Initiating JDBC connection release from afterTransaction
2019-08-17 11:46:49 DEBUG TransactionImpl:90 - rollback() called on an inactive transaction
2019-08-17 11:47:07 DEBUG DriverManagerConnectionProviderImpl:51 - Connection pool now considered primed; min-size will be maintained
2019-08-17 11:49:07 DEBUG QueryTranslatorImpl:277 - parse() - HQL: SELECT object(d) FROM br.com.consultemed.models.DiaDeConsulta as d
2019-08-17 11:49:07 DEBUG QueryTranslatorImpl:295 - --- HQL AST ---
 \-[QUERY] Node: 'query'
    \-[SELECT_FROM] Node: 'SELECT_FROM'
       +-[FROM] Node: 'FROM'
       |  \-[RANGE] Node: 'RANGE'
       |     +-[DOT] Node: '.'
       |     |  +-[DOT] Node: '.'
       |     |  |  +-[DOT] Node: '.'
       |     |  |  |  +-[DOT] Node: '.'
       |     |  |  |  |  +-[IDENT] Node: 'br'
       |     |  |  |  |  \-[IDENT] Node: 'com'
       |     |  |  |  \-[IDENT] Node: 'consultemed'
       |     |  |  \-[IDENT] Node: 'models'
       |     |  \-[IDENT] Node: 'DiaDeConsulta'
       |     \-[ALIAS] Node: 'd'
       \-[SELECT] Node: 'SELECT'
          \-[OBJECT] Node: 'object'
             \-[IDENT] Node: 'd'

2019-08-17 11:49:07 DEBUG ErrorCounter:95 - throwQueryException() : no errors
2019-08-17 11:49:07 DEBUG HqlSqlBaseWalker:124 - select << begin [level=1, statement=select]
2019-08-17 11:49:07 DEBUG FromElement:147 - FromClause{level=1} : br.com.consultemed.models.DiaDeConsulta (d) -> diadeconsu0_
2019-08-17 11:49:07 DEBUG FromReferenceNode:60 - Resolved : d -> diadeconsu0_.id
2019-08-17 11:49:07 DEBUG HqlSqlBaseWalker:128 - select : finishing up [level=1, statement=select]
2019-08-17 11:49:07 DEBUG HqlSqlWalker:745 - processQuery() :  ( SELECT ( {select clause} diadeconsu0_.id ) ( FromClause{level=1} TB_DIAS_DE_CONSULTA diadeconsu0_ ) )
2019-08-17 11:49:07 DEBUG JoinProcessor:187 - Using FROM fragment [TB_DIAS_DE_CONSULTA diadeconsu0_]
2019-08-17 11:49:07 DEBUG HqlSqlBaseWalker:132 - select >> end [level=1, statement=select]
2019-08-17 11:49:07 DEBUG QueryTranslatorImpl:264 - --- SQL AST ---
 \-[SELECT] QueryNode: 'SELECT'  querySpaces (TB_DIAS_DE_CONSULTA)
    +-[SELECT_CLAUSE] SelectClause: '{select clause}'
    |  +-[ALIAS_REF] IdentNode: 'diadeconsu0_.id as id1_2_' {alias=d, className=br.com.consultemed.models.DiaDeConsulta, tableAlias=diadeconsu0_}
    |  \-[SQL_TOKEN] SqlFragment: 'diadeconsu0_.DATA as DATA2_2_, diadeconsu0_.id_medico as id_medic3_2_'
    \-[FROM] FromClause: 'FROM' FromClause{level=1, fromElementCounter=1, fromElements=1, fromElementByClassAlias=[d], fromElementByTableAlias=[diadeconsu0_], fromElementsByPath=[], collectionJoinFromElementsByPath=[], impliedElements=[]}
       \-[FROM_FRAGMENT] FromElement: 'TB_DIAS_DE_CONSULTA diadeconsu0_' FromElement{explicit,not a collection join,not a fetch join,fetch non-lazy properties,classAlias=d,role=null,tableName=TB_DIAS_DE_CONSULTA,tableAlias=diadeconsu0_,origin=null,columns={,className=br.com.consultemed.models.DiaDeConsulta}}

2019-08-17 11:49:07 DEBUG ErrorCounter:95 - throwQueryException() : no errors
2019-08-17 11:49:07 DEBUG QueryTranslatorImpl:246 - HQL: SELECT object(d) FROM br.com.consultemed.models.DiaDeConsulta as d
2019-08-17 11:49:07 DEBUG QueryTranslatorImpl:247 - SQL: select diadeconsu0_.id as id1_2_, diadeconsu0_.DATA as DATA2_2_, diadeconsu0_.id_medico as id_medic3_2_ from TB_DIAS_DE_CONSULTA diadeconsu0_
2019-08-17 11:49:07 DEBUG ErrorCounter:95 - throwQueryException() : no errors
2019-08-17 11:49:07 DEBUG SQL:92 - select diadeconsu0_.id as id1_2_, diadeconsu0_.DATA as DATA2_2_, diadeconsu0_.id_medico as id_medic3_2_ from TB_DIAS_DE_CONSULTA diadeconsu0_
2019-08-17 11:49:07 DEBUG Loader:384 - Result set row: 0
2019-08-17 11:49:07 DEBUG Loader:1527 - Result row: EntityKey[br.com.consultemed.models.DiaDeConsulta#1]
2019-08-17 11:49:07 DEBUG TwoPhaseLoad:141 - Resolving associations for [br.com.consultemed.models.DiaDeConsulta#1]
2019-08-17 11:49:07 DEBUG SQL:92 - select medico0_.id as id1_4_0_, medico0_.CRM as CRM2_4_0_, medico0_.EMAIL as EMAIL3_4_0_, medico0_.NOME as NOME4_4_0_, medico0_.TELEFONE as TELEFONE5_4_0_ from TB_MEDICOS medico0_ where medico0_.id=?
2019-08-17 11:49:07 DEBUG ResultSetProcessorImpl:120 - Starting ResultSet row #0
2019-08-17 11:49:07 DEBUG EntityReferenceInitializerImpl:126 - On call to EntityIdentifierReaderImpl#resolve, EntityKey was already known; should only happen on root returns with an optional identifier specified
2019-08-17 11:49:07 DEBUG TwoPhaseLoad:141 - Resolving associations for [br.com.consultemed.models.Medico#2]
2019-08-17 11:49:07 DEBUG TwoPhaseLoad:281 - Done materializing entity [br.com.consultemed.models.Medico#2]
2019-08-17 11:49:07 DEBUG ResourceRegistryStandardImpl:73 - HHH000387: ResultSet's statement was not registered
2019-08-17 11:49:07 DEBUG AbstractLoadPlanBasedEntityLoader:189 - Done entity load : br.com.consultemed.models.Medico#2
2019-08-17 11:49:07 DEBUG TwoPhaseLoad:281 - Done materializing entity [br.com.consultemed.models.DiaDeConsulta#1]
2019-08-17 11:49:07 DEBUG LogicalConnectionManagedImpl:154 - Initiating JDBC connection release from afterTransaction
2019-08-17 11:49:18 DEBUG SQL:92 - select diadeconsu0_.id as id1_2_, diadeconsu0_.DATA as DATA2_2_, diadeconsu0_.id_medico as id_medic3_2_ from TB_DIAS_DE_CONSULTA diadeconsu0_
2019-08-17 11:49:18 DEBUG Loader:384 - Result set row: 0
2019-08-17 11:49:18 DEBUG Loader:1527 - Result row: EntityKey[br.com.consultemed.models.DiaDeConsulta#1]
2019-08-17 11:49:18 DEBUG TwoPhaseLoad:141 - Resolving associations for [br.com.consultemed.models.DiaDeConsulta#1]
2019-08-17 11:49:18 DEBUG SQL:92 - select medico0_.id as id1_4_0_, medico0_.CRM as CRM2_4_0_, medico0_.EMAIL as EMAIL3_4_0_, medico0_.NOME as NOME4_4_0_, medico0_.TELEFONE as TELEFONE5_4_0_ from TB_MEDICOS medico0_ where medico0_.id=?
2019-08-17 11:49:18 DEBUG ResultSetProcessorImpl:120 - Starting ResultSet row #0
2019-08-17 11:49:18 DEBUG EntityReferenceInitializerImpl:126 - On call to EntityIdentifierReaderImpl#resolve, EntityKey was already known; should only happen on root returns with an optional identifier specified
2019-08-17 11:49:18 DEBUG TwoPhaseLoad:141 - Resolving associations for [br.com.consultemed.models.Medico#2]
2019-08-17 11:49:18 DEBUG TwoPhaseLoad:281 - Done materializing entity [br.com.consultemed.models.Medico#2]
2019-08-17 11:49:18 DEBUG ResourceRegistryStandardImpl:73 - HHH000387: ResultSet's statement was not registered
2019-08-17 11:49:18 DEBUG AbstractLoadPlanBasedEntityLoader:189 - Done entity load : br.com.consultemed.models.Medico#2
2019-08-17 11:49:18 DEBUG TwoPhaseLoad:281 - Done materializing entity [br.com.consultemed.models.DiaDeConsulta#1]
2019-08-17 11:49:18 DEBUG LogicalConnectionManagedImpl:154 - Initiating JDBC connection release from afterTransaction
2019-08-17 11:49:18 DEBUG SQL:92 - select diadeconsu0_.id as id1_2_, diadeconsu0_.DATA as DATA2_2_, diadeconsu0_.id_medico as id_medic3_2_ from TB_DIAS_DE_CONSULTA diadeconsu0_
2019-08-17 11:49:18 DEBUG Loader:384 - Result set row: 0
2019-08-17 11:49:18 DEBUG Loader:1527 - Result row: EntityKey[br.com.consultemed.models.DiaDeConsulta#1]
2019-08-17 11:49:18 DEBUG LogicalConnectionManagedImpl:154 - Initiating JDBC connection release from afterTransaction
2019-08-17 11:49:18 DEBUG SQL:92 - select diadeconsu0_.id as id1_2_, diadeconsu0_.DATA as DATA2_2_, diadeconsu0_.id_medico as id_medic3_2_ from TB_DIAS_DE_CONSULTA diadeconsu0_
2019-08-17 11:49:18 DEBUG Loader:384 - Result set row: 0
2019-08-17 11:49:18 DEBUG Loader:1527 - Result row: EntityKey[br.com.consultemed.models.DiaDeConsulta#1]
2019-08-17 11:49:18 DEBUG LogicalConnectionManagedImpl:154 - Initiating JDBC connection release from afterTransaction
2019-08-17 11:49:18 DEBUG SQL:92 - select diadeconsu0_.id as id1_2_, diadeconsu0_.DATA as DATA2_2_, diadeconsu0_.id_medico as id_medic3_2_ from TB_DIAS_DE_CONSULTA diadeconsu0_
2019-08-17 11:49:18 DEBUG Loader:384 - Result set row: 0
2019-08-17 11:49:18 DEBUG Loader:1527 - Result row: EntityKey[br.com.consultemed.models.DiaDeConsulta#1]
2019-08-17 11:49:18 DEBUG LogicalConnectionManagedImpl:154 - Initiating JDBC connection release from afterTransaction
2019-08-17 11:49:18 DEBUG SQL:92 - select diadeconsu0_.id as id1_2_, diadeconsu0_.DATA as DATA2_2_, diadeconsu0_.id_medico as id_medic3_2_ from TB_DIAS_DE_CONSULTA diadeconsu0_
2019-08-17 11:49:18 DEBUG Loader:384 - Result set row: 0
2019-08-17 11:49:18 DEBUG Loader:1527 - Result row: EntityKey[br.com.consultemed.models.DiaDeConsulta#1]
2019-08-17 11:49:18 DEBUG LogicalConnectionManagedImpl:154 - Initiating JDBC connection release from afterTransaction
2019-08-17 11:49:18 DEBUG SQL:92 - select diadeconsu0_.id as id1_2_, diadeconsu0_.DATA as DATA2_2_, diadeconsu0_.id_medico as id_medic3_2_ from TB_DIAS_DE_CONSULTA diadeconsu0_
2019-08-17 11:49:18 DEBUG Loader:384 - Result set row: 0
2019-08-17 11:49:18 DEBUG Loader:1527 - Result row: EntityKey[br.com.consultemed.models.DiaDeConsulta#1]
2019-08-17 11:49:18 DEBUG LogicalConnectionManagedImpl:154 - Initiating JDBC connection release from afterTransaction
2019-08-17 11:49:18 INFO  MedicoController:73 - Listando médicos.
2019-08-17 11:49:18 DEBUG QueryTranslatorImpl:277 - parse() - HQL: SELECT object(m) FROM br.com.consultemed.models.Medico as m
2019-08-17 11:49:18 DEBUG QueryTranslatorImpl:295 - --- HQL AST ---
 \-[QUERY] Node: 'query'
    \-[SELECT_FROM] Node: 'SELECT_FROM'
       +-[FROM] Node: 'FROM'
       |  \-[RANGE] Node: 'RANGE'
       |     +-[DOT] Node: '.'
       |     |  +-[DOT] Node: '.'
       |     |  |  +-[DOT] Node: '.'
       |     |  |  |  +-[DOT] Node: '.'
       |     |  |  |  |  +-[IDENT] Node: 'br'
       |     |  |  |  |  \-[IDENT] Node: 'com'
       |     |  |  |  \-[IDENT] Node: 'consultemed'
       |     |  |  \-[IDENT] Node: 'models'
       |     |  \-[IDENT] Node: 'Medico'
       |     \-[ALIAS] Node: 'm'
       \-[SELECT] Node: 'SELECT'
          \-[OBJECT] Node: 'object'
             \-[IDENT] Node: 'm'

2019-08-17 11:49:18 DEBUG ErrorCounter:95 - throwQueryException() : no errors
2019-08-17 11:49:18 DEBUG HqlSqlBaseWalker:124 - select << begin [level=1, statement=select]
2019-08-17 11:49:18 DEBUG FromElement:147 - FromClause{level=1} : br.com.consultemed.models.Medico (m) -> medico0_
2019-08-17 11:49:18 DEBUG FromReferenceNode:60 - Resolved : m -> medico0_.id
2019-08-17 11:49:18 DEBUG HqlSqlBaseWalker:128 - select : finishing up [level=1, statement=select]
2019-08-17 11:49:18 DEBUG HqlSqlWalker:745 - processQuery() :  ( SELECT ( {select clause} medico0_.id ) ( FromClause{level=1} TB_MEDICOS medico0_ ) )
2019-08-17 11:49:18 DEBUG JoinProcessor:187 - Using FROM fragment [TB_MEDICOS medico0_]
2019-08-17 11:49:18 DEBUG HqlSqlBaseWalker:132 - select >> end [level=1, statement=select]
2019-08-17 11:49:18 DEBUG QueryTranslatorImpl:264 - --- SQL AST ---
 \-[SELECT] QueryNode: 'SELECT'  querySpaces (TB_MEDICOS)
    +-[SELECT_CLAUSE] SelectClause: '{select clause}'
    |  +-[ALIAS_REF] IdentNode: 'medico0_.id as id1_4_' {alias=m, className=br.com.consultemed.models.Medico, tableAlias=medico0_}
    |  \-[SQL_TOKEN] SqlFragment: 'medico0_.CRM as CRM2_4_, medico0_.EMAIL as EMAIL3_4_, medico0_.NOME as NOME4_4_, medico0_.TELEFONE as TELEFONE5_4_'
    \-[FROM] FromClause: 'FROM' FromClause{level=1, fromElementCounter=1, fromElements=1, fromElementByClassAlias=[m], fromElementByTableAlias=[medico0_], fromElementsByPath=[], collectionJoinFromElementsByPath=[], impliedElements=[]}
       \-[FROM_FRAGMENT] FromElement: 'TB_MEDICOS medico0_' FromElement{explicit,not a collection join,not a fetch join,fetch non-lazy properties,classAlias=m,role=null,tableName=TB_MEDICOS,tableAlias=medico0_,origin=null,columns={,className=br.com.consultemed.models.Medico}}

2019-08-17 11:49:18 DEBUG ErrorCounter:95 - throwQueryException() : no errors
2019-08-17 11:49:18 DEBUG QueryTranslatorImpl:246 - HQL: SELECT object(m) FROM br.com.consultemed.models.Medico as m
2019-08-17 11:49:18 DEBUG QueryTranslatorImpl:247 - SQL: select medico0_.id as id1_4_, medico0_.CRM as CRM2_4_, medico0_.EMAIL as EMAIL3_4_, medico0_.NOME as NOME4_4_, medico0_.TELEFONE as TELEFONE5_4_ from TB_MEDICOS medico0_
2019-08-17 11:49:18 DEBUG ErrorCounter:95 - throwQueryException() : no errors
2019-08-17 11:49:18 DEBUG SQL:92 - select medico0_.id as id1_4_, medico0_.CRM as CRM2_4_, medico0_.EMAIL as EMAIL3_4_, medico0_.NOME as NOME4_4_, medico0_.TELEFONE as TELEFONE5_4_ from TB_MEDICOS medico0_
2019-08-17 11:49:18 DEBUG Loader:384 - Result set row: 0
2019-08-17 11:49:18 DEBUG Loader:1527 - Result row: EntityKey[br.com.consultemed.models.Medico#1]
2019-08-17 11:49:18 DEBUG Loader:384 - Result set row: 1
2019-08-17 11:49:18 DEBUG Loader:1527 - Result row: EntityKey[br.com.consultemed.models.Medico#2]
2019-08-17 11:49:18 DEBUG TwoPhaseLoad:141 - Resolving associations for [br.com.consultemed.models.Medico#1]
2019-08-17 11:49:18 DEBUG TwoPhaseLoad:281 - Done materializing entity [br.com.consultemed.models.Medico#1]
2019-08-17 11:49:18 DEBUG TwoPhaseLoad:141 - Resolving associations for [br.com.consultemed.models.Medico#2]
2019-08-17 11:49:18 DEBUG TwoPhaseLoad:281 - Done materializing entity [br.com.consultemed.models.Medico#2]
2019-08-17 11:49:18 DEBUG LogicalConnectionManagedImpl:154 - Initiating JDBC connection release from afterTransaction
2019-08-17 11:49:23 INFO  MedicoController:73 - Listando médicos.
2019-08-17 11:49:23 DEBUG SQL:92 - select medico0_.id as id1_4_, medico0_.CRM as CRM2_4_, medico0_.EMAIL as EMAIL3_4_, medico0_.NOME as NOME4_4_, medico0_.TELEFONE as TELEFONE5_4_ from TB_MEDICOS medico0_
2019-08-17 11:49:23 DEBUG Loader:384 - Result set row: 0
2019-08-17 11:49:23 DEBUG Loader:1527 - Result row: EntityKey[br.com.consultemed.models.Medico#1]
2019-08-17 11:49:23 DEBUG Loader:384 - Result set row: 1
2019-08-17 11:49:23 DEBUG Loader:1527 - Result row: EntityKey[br.com.consultemed.models.Medico#2]
2019-08-17 11:49:23 DEBUG TwoPhaseLoad:141 - Resolving associations for [br.com.consultemed.models.Medico#1]
2019-08-17 11:49:23 DEBUG TwoPhaseLoad:281 - Done materializing entity [br.com.consultemed.models.Medico#1]
2019-08-17 11:49:23 DEBUG TwoPhaseLoad:141 - Resolving associations for [br.com.consultemed.models.Medico#2]
2019-08-17 11:49:23 DEBUG TwoPhaseLoad:281 - Done materializing entity [br.com.consultemed.models.Medico#2]
2019-08-17 11:49:23 DEBUG LogicalConnectionManagedImpl:154 - Initiating JDBC connection release from afterTransaction
2019-08-17 11:49:23 DEBUG SQL:92 - select medico0_.id as id1_4_0_, medico0_.CRM as CRM2_4_0_, medico0_.EMAIL as EMAIL3_4_0_, medico0_.NOME as NOME4_4_0_, medico0_.TELEFONE as TELEFONE5_4_0_ from TB_MEDICOS medico0_ where medico0_.id=?
2019-08-17 11:49:23 DEBUG ResultSetProcessorImpl:120 - Starting ResultSet row #0
2019-08-17 11:49:23 DEBUG EntityReferenceInitializerImpl:126 - On call to EntityIdentifierReaderImpl#resolve, EntityKey was already known; should only happen on root returns with an optional identifier specified
2019-08-17 11:49:23 DEBUG TwoPhaseLoad:141 - Resolving associations for [br.com.consultemed.models.Medico#1]
2019-08-17 11:49:23 DEBUG TwoPhaseLoad:281 - Done materializing entity [br.com.consultemed.models.Medico#1]
2019-08-17 11:49:23 DEBUG ResourceRegistryStandardImpl:73 - HHH000387: ResultSet's statement was not registered
2019-08-17 11:49:23 DEBUG AbstractLoadPlanBasedEntityLoader:189 - Done entity load : br.com.consultemed.models.Medico#1
2019-08-17 11:49:23 DEBUG LogicalConnectionManagedImpl:154 - Initiating JDBC connection release from afterTransaction
2019-08-17 11:49:23 INFO  MedicoController:73 - Listando médicos.
2019-08-17 11:49:23 DEBUG SQL:92 - select medico0_.id as id1_4_, medico0_.CRM as CRM2_4_, medico0_.EMAIL as EMAIL3_4_, medico0_.NOME as NOME4_4_, medico0_.TELEFONE as TELEFONE5_4_ from TB_MEDICOS medico0_
2019-08-17 11:49:23 DEBUG Loader:384 - Result set row: 0
2019-08-17 11:49:23 DEBUG Loader:1527 - Result row: EntityKey[br.com.consultemed.models.Medico#1]
2019-08-17 11:49:23 DEBUG Loader:384 - Result set row: 1
2019-08-17 11:49:23 DEBUG Loader:1527 - Result row: EntityKey[br.com.consultemed.models.Medico#2]
2019-08-17 11:49:23 DEBUG LogicalConnectionManagedImpl:154 - Initiating JDBC connection release from afterTransaction
2019-08-17 11:49:23 INFO  MedicoController:73 - Listando médicos.
2019-08-17 11:49:23 DEBUG SQL:92 - select medico0_.id as id1_4_, medico0_.CRM as CRM2_4_, medico0_.EMAIL as EMAIL3_4_, medico0_.NOME as NOME4_4_, medico0_.TELEFONE as TELEFONE5_4_ from TB_MEDICOS medico0_
2019-08-17 11:49:23 DEBUG Loader:384 - Result set row: 0
2019-08-17 11:49:23 DEBUG Loader:1527 - Result row: EntityKey[br.com.consultemed.models.Medico#1]
2019-08-17 11:49:23 DEBUG Loader:384 - Result set row: 1
2019-08-17 11:49:23 DEBUG Loader:1527 - Result row: EntityKey[br.com.consultemed.models.Medico#2]
2019-08-17 11:49:23 DEBUG LogicalConnectionManagedImpl:154 - Initiating JDBC connection release from afterTransaction
2019-08-17 11:49:23 DEBUG TransactionImpl:55 - begin
2019-08-17 11:49:23 DEBUG ActionQueue:276 - Executing identity-insert immediately
2019-08-17 11:49:23 DEBUG SQL:92 - insert into TB_DIAS_DE_CONSULTA (DATA, id_medico) values (?, ?)
2019-08-17 11:49:23 DEBUG IdentifierGeneratorHelper:78 - Natively generated identity: 2
2019-08-17 11:49:23 DEBUG ResourceRegistryStandardImpl:104 - HHH000387: ResultSet's statement was not registered
2019-08-17 11:49:23 DEBUG TransactionImpl:66 - committing
2019-08-17 11:49:23 DEBUG AbstractFlushingEventListener:132 - Processing flush-time cascades
2019-08-17 11:49:23 DEBUG AbstractFlushingEventListener:174 - Dirty checking collections
2019-08-17 11:49:23 DEBUG AbstractFlushingEventListener:106 - Flushed: 0 insertions, 0 updates, 0 deletions to 1 objects
2019-08-17 11:49:23 DEBUG AbstractFlushingEventListener:113 - Flushed: 0 (re)creations, 0 updates, 0 removals to 0 collections
2019-08-17 11:49:23 DEBUG EntityPrinter:102 - Listing entities:
2019-08-17 11:49:23 DEBUG EntityPrinter:109 - br.com.consultemed.models.DiaDeConsulta{data=Sat Aug 31 00:00:00 BRT 2019, medico=br.com.consultemed.models.Medico#1, id=2}
2019-08-17 11:49:23 DEBUG LogicalConnectionManagedImpl:154 - Initiating JDBC connection release from afterTransaction
2019-08-17 11:49:23 DEBUG LogicalConnectionManagedImpl:154 - Initiating JDBC connection release from afterTransaction
2019-08-17 11:49:23 DEBUG SQL:92 - select diadeconsu0_.id as id1_2_, diadeconsu0_.DATA as DATA2_2_, diadeconsu0_.id_medico as id_medic3_2_ from TB_DIAS_DE_CONSULTA diadeconsu0_
2019-08-17 11:49:23 DEBUG Loader:384 - Result set row: 0
2019-08-17 11:49:23 DEBUG Loader:1527 - Result row: EntityKey[br.com.consultemed.models.DiaDeConsulta#1]
2019-08-17 11:49:23 DEBUG Loader:384 - Result set row: 1
2019-08-17 11:49:23 DEBUG Loader:1527 - Result row: EntityKey[br.com.consultemed.models.DiaDeConsulta#2]
2019-08-17 11:49:23 DEBUG TwoPhaseLoad:141 - Resolving associations for [br.com.consultemed.models.DiaDeConsulta#1]
2019-08-17 11:49:23 DEBUG SQL:92 - select medico0_.id as id1_4_0_, medico0_.CRM as CRM2_4_0_, medico0_.EMAIL as EMAIL3_4_0_, medico0_.NOME as NOME4_4_0_, medico0_.TELEFONE as TELEFONE5_4_0_ from TB_MEDICOS medico0_ where medico0_.id=?
2019-08-17 11:49:23 DEBUG ResultSetProcessorImpl:120 - Starting ResultSet row #0
2019-08-17 11:49:23 DEBUG EntityReferenceInitializerImpl:126 - On call to EntityIdentifierReaderImpl#resolve, EntityKey was already known; should only happen on root returns with an optional identifier specified
2019-08-17 11:49:23 DEBUG TwoPhaseLoad:141 - Resolving associations for [br.com.consultemed.models.Medico#2]
2019-08-17 11:49:23 DEBUG TwoPhaseLoad:281 - Done materializing entity [br.com.consultemed.models.Medico#2]
2019-08-17 11:49:23 DEBUG ResourceRegistryStandardImpl:73 - HHH000387: ResultSet's statement was not registered
2019-08-17 11:49:23 DEBUG AbstractLoadPlanBasedEntityLoader:189 - Done entity load : br.com.consultemed.models.Medico#2
2019-08-17 11:49:23 DEBUG TwoPhaseLoad:281 - Done materializing entity [br.com.consultemed.models.DiaDeConsulta#1]
2019-08-17 11:49:23 DEBUG TwoPhaseLoad:141 - Resolving associations for [br.com.consultemed.models.DiaDeConsulta#2]
2019-08-17 11:49:23 DEBUG SQL:92 - select medico0_.id as id1_4_0_, medico0_.CRM as CRM2_4_0_, medico0_.EMAIL as EMAIL3_4_0_, medico0_.NOME as NOME4_4_0_, medico0_.TELEFONE as TELEFONE5_4_0_ from TB_MEDICOS medico0_ where medico0_.id=?
2019-08-17 11:49:23 DEBUG ResultSetProcessorImpl:120 - Starting ResultSet row #0
2019-08-17 11:49:23 DEBUG EntityReferenceInitializerImpl:126 - On call to EntityIdentifierReaderImpl#resolve, EntityKey was already known; should only happen on root returns with an optional identifier specified
2019-08-17 11:49:23 DEBUG TwoPhaseLoad:141 - Resolving associations for [br.com.consultemed.models.Medico#1]
2019-08-17 11:49:23 DEBUG TwoPhaseLoad:281 - Done materializing entity [br.com.consultemed.models.Medico#1]
2019-08-17 11:49:23 DEBUG ResourceRegistryStandardImpl:73 - HHH000387: ResultSet's statement was not registered
2019-08-17 11:49:23 DEBUG AbstractLoadPlanBasedEntityLoader:189 - Done entity load : br.com.consultemed.models.Medico#1
2019-08-17 11:49:23 DEBUG TwoPhaseLoad:281 - Done materializing entity [br.com.consultemed.models.DiaDeConsulta#2]
2019-08-17 11:49:23 DEBUG LogicalConnectionManagedImpl:154 - Initiating JDBC connection release from afterTransaction
